This is pdfTeX, Version 3.14159265-2.6-1.40.20 (TeX Live 2019/Debian) (preloaded format=pdflatex 2022.1.31)  8 FEB 2022 22:53
entering extended mode
 restricted \write18 enabled.
 %&-line parsing enabled.
**Rapport.tex
(./Rapport.tex
LaTeX2e <2020-02-02> patch level 2
L3 programming layer <2020-02-14>
(/usr/share/texlive/texmf-dist/tex/latex/base/article.cls
Document Class: article 2019/12/20 v1.4l Standard LaTeX document class
(/usr/share/texlive/texmf-dist/tex/latex/base/size10.clo
File: size10.clo 2019/12/20 v1.4l Standard LaTeX file (size option)
)
\c@part=\count167
\c@section=\count168
\c@subsection=\count169
\c@subsubsection=\count170
\c@paragraph=\count171
\c@subparagraph=\count172
\c@figure=\count173
\c@table=\count174
\abovecaptionskip=\skip47
\belowcaptionskip=\skip48
\bibindent=\dimen134
)
(/usr/share/texlive/texmf-dist/tex/latex/base/inputenc.sty
Package: inputenc 2018/08/11 v1.3c Input encoding file
\inpenc@prehook=\toks14
\inpenc@posthook=\toks15
)
(/usr/share/texlive/texmf-dist/tex/latex/graphics/graphicx.sty
Package: graphicx 2019/11/30 v1.2a Enhanced LaTeX Graphics (DPC,SPQR)

(/usr/share/texlive/texmf-dist/tex/latex/graphics/keyval.sty
Package: keyval 2014/10/28 v1.15 key=value parser (DPC)
\KV@toks@=\toks16
)
(/usr/share/texlive/texmf-dist/tex/latex/graphics/graphics.sty
Package: graphics 2019/11/30 v1.4a Standard LaTeX Graphics (DPC,SPQR)

(/usr/share/texlive/texmf-dist/tex/latex/graphics/trig.sty
Package: trig 2016/01/03 v1.10 sin cos tan (DPC)
)
(/usr/share/texlive/texmf-dist/tex/latex/graphics-cfg/graphics.cfg
File: graphics.cfg 2016/06/04 v1.11 sample graphics configuration
)
Package graphics Info: Driver file: pdftex.def on input line 105.

(/usr/share/texlive/texmf-dist/tex/latex/graphics-def/pdftex.def
File: pdftex.def 2018/01/08 v1.0l Graphics/color driver for pdftex
))
\Gin@req@height=\dimen135
\Gin@req@width=\dimen136
)
(/usr/share/texlive/texmf-dist/tex/latex/l3backend/l3backend-pdfmode.def
File: l3backend-pdfmode.def 2020-02-03 L3 backend support: PDF mode
\l__kernel_color_stack_int=\count175
\l__pdf_internal_box=\box45
)
(./Rapport.aux)
\openout1 = `Rapport.aux'.

LaTeX Font Info:    Checking defaults for OML/cmm/m/it on input line 13.
LaTeX Font Info:    ... okay on input line 13.
LaTeX Font Info:    Checking defaults for OMS/cmsy/m/n on input line 13.
LaTeX Font Info:    ... okay on input line 13.
LaTeX Font Info:    Checking defaults for OT1/cmr/m/n on input line 13.
LaTeX Font Info:    ... okay on input line 13.
LaTeX Font Info:    Checking defaults for T1/cmr/m/n on input line 13.
LaTeX Font Info:    ... okay on input line 13.
LaTeX Font Info:    Checking defaults for TS1/cmr/m/n on input line 13.
LaTeX Font Info:    ... okay on input line 13.
LaTeX Font Info:    Checking defaults for OMX/cmex/m/n on input line 13.
LaTeX Font Info:    ... okay on input line 13.
LaTeX Font Info:    Checking defaults for U/cmr/m/n on input line 13.
LaTeX Font Info:    ... okay on input line 13.

(/usr/share/texlive/texmf-dist/tex/context/base/mkii/supp-pdf.mkii
[Loading MPS to PDF converter (version 2006.09.02).]
\scratchcounter=\count176
\scratchdimen=\dimen137
\scratchbox=\box46
\nofMPsegments=\count177
\nofMParguments=\count178
\everyMPshowfont=\toks17
\MPscratchCnt=\count179
\MPscratchDim=\dimen138
\MPnumerator=\count180
\makeMPintoPDFobject=\count181
\everyMPtoPDFconversion=\toks18
) (/usr/share/texlive/texmf-dist/tex/latex/epstopdf-pkg/epstopdf-base.sty
Package: epstopdf-base 2020-01-24 v2.11 Base part for package epstopdf
Package epstopdf-base Info: Redefining graphics rule for `.eps' on input line 4
85.

(/usr/share/texlive/texmf-dist/tex/latex/latexconfig/epstopdf-sys.cfg
File: epstopdf-sys.cfg 2010/07/13 v1.3 Configuration of (r)epstopdf for TeX Liv
e
))
LaTeX Font Info:    External font `cmex10' loaded for size
(Font)              <12> on input line 15.
LaTeX Font Info:    External font `cmex10' loaded for size
(Font)              <8> on input line 15.
LaTeX Font Info:    External font `cmex10' loaded for size
(Font)              <6> on input line 15.

Underfull \hbox (badness 10000) in paragraph at lines 22--25

 []


Underfull \hbox (badness 10000) in paragraph at lines 22--25

 []


Underfull \hbox (badness 10000) in paragraph at lines 26--27

 []

LaTeX Font Info:    External font `cmex10' loaded for size
(Font)              <7> on input line 29.
LaTeX Font Info:    External font `cmex10' loaded for size
(Font)              <5> on input line 29.

Overfull \hbox (37.02707pt too wide) in paragraph at lines 29--43
[] 
 []

</home/amadou/Bureau/IUT/Outils_Libres_Cote_client/Capture/40.png, id=1, 993.71
25pt x 579.16376pt>
File: /home/amadou/Bureau/IUT/Outils_Libres_Cote_client/Capture/40.png Graphic 
file (type png)
<use /home/amadou/Bureau/IUT/Outils_Libres_Cote_client/Capture/40.png>
Package pdftex.def Info: /home/amadou/Bureau/IUT/Outils_Libres_Cote_client/Capt
ure/40.png  used on input line 61.
(pdftex.def)             Requested size: 298.11604pt x 173.75046pt.
[1

{/var/lib/texmf/fonts/map/pdftex/updmap/pdftex.map}]
</home/amadou/Bureau/IUT/Outils_Libres_Cote_client/Capture/41.png, id=15, 1020.
81375pt x 521.95pt>
File: /home/amadou/Bureau/IUT/Outils_Libres_Cote_client/Capture/41.png Graphic 
file (type png)
<use /home/amadou/Bureau/IUT/Outils_Libres_Cote_client/Capture/41.png>
Package pdftex.def Info: /home/amadou/Bureau/IUT/Outils_Libres_Cote_client/Capt
ure/41.png  used on input line 64.
(pdftex.def)             Requested size: 306.24649pt x 156.5862pt.
</home/amadou/Bureau/IUT/Outils_Libres_Cote_client/Capture/42.png, id=16, 722.7
pt x 698.61pt>
File: /home/amadou/Bureau/IUT/Outils_Libres_Cote_client/Capture/42.png Graphic 
file (type png)
<use /home/amadou/Bureau/IUT/Outils_Libres_Cote_client/Capture/42.png>
Package pdftex.def Info: /home/amadou/Bureau/IUT/Outils_Libres_Cote_client/Capt
ure/42.png  used on input line 72.
(pdftex.def)             Requested size: 216.81166pt x 209.58461pt.
 [2 </home/amadou/Bureau/IUT/Outils_Libres_Cote_client/Capture/40.png> </home/a
madou/Bureau/IUT/Outils_Libres_Cote_client/Capture/41.png>]
LaTeX Font Info:    Trying to load font information for OMS+cmr on input line 1
06.

(/usr/share/texlive/texmf-dist/tex/latex/base/omscmr.fd
File: omscmr.fd 2019/12/16 v2.5j Standard LaTeX font definitions
)
LaTeX Font Info:    Font shape `OMS/cmr/m/it' in size <10> not available
(Font)              Font shape `OMS/cmsy/m/n' tried instead on input line 106.
 [3 </home/amadou/Bureau/IUT/Outils_Libres_Cote_client/Capture/42.png>]
LaTeX Font Info:    Font shape `OMS/cmr/m/n' in size <10> not available
(Font)              Font shape `OMS/cmsy/m/n' tried instead on input line 158.

Overfull \hbox (115.33385pt too wide) in paragraph at lines 158--159
\OT1/cmr/m/n/10 PROMPT='%\OMS/cmsy/m/n/10 f\TS1/cmr/m/n/10 $\OT1/cmr/m/n/10 fg[
\TS1/cmr/m/n/10 $\OT1/cmr/m/n/10 NCOLOR]%\OMS/cmsy/m/n/10 g\OT1/cmr/m/n/10 %B%n
%b%\OMS/cmsy/m/n/10 f\TS1/cmr/m/n/10 $\OT1/cmr/m/n/10 reset[]color%\OMS/cmsy/m/
n/10 g\OT1/cmr/m/n/10 :%\OMS/cmsy/m/n/10 f\TS1/cmr/m/n/10 $\OT1/cmr/m/n/10 fg[b
lue]%\OMS/cmsy/m/n/10 g\OT1/cmr/m/n/10 %B%c/%b%\OMS/cmsy/m/n/10 f\TS1/cmr/m/n/1
0 $\OT1/cmr/m/n/10 reset[]color%\OMS/cmsy/m/n/10 g
 []

</home/amadou/Bureau/IUT/Outils_Libres_Cote_client/Capture/44.png, id=30, 725.7
1124pt x 132.495pt>
File: /home/amadou/Bureau/IUT/Outils_Libres_Cote_client/Capture/44.png Graphic 
file (type png)
<use /home/amadou/Bureau/IUT/Outils_Libres_Cote_client/Capture/44.png>
Package pdftex.def Info: /home/amadou/Bureau/IUT/Outils_Libres_Cote_client/Capt
ure/44.png  used on input line 162.
(pdftex.def)             Requested size: 362.85474pt x 66.24733pt.

Overfull \hbox (17.85474pt too wide) in paragraph at lines 160--163
[] 
 []

[4 </home/amadou/Bureau/IUT/Outils_Libres_Cote_client/Capture/44.png>] [5]
</home/amadou/Bureau/IUT/Outils_Libres_Cote_client/Capture/51.png, id=38, 264.9
9pt x 80.3pt>
File: /home/amadou/Bureau/IUT/Outils_Libres_Cote_client/Capture/51.png Graphic 
file (type png)
<use /home/amadou/Bureau/IUT/Outils_Libres_Cote_client/Capture/51.png>
Package pdftex.def Info: /home/amadou/Bureau/IUT/Outils_Libres_Cote_client/Capt
ure/51.png  used on input line 189.
(pdftex.def)             Requested size: 132.49467pt x 40.14989pt.
</home/amadou/Bureau/IUT/Outils_Libres_Cote_client/Capture/52.png, id=39, 288.0
7625pt x 77.28876pt>
File: /home/amadou/Bureau/IUT/Outils_Libres_Cote_client/Capture/52.png Graphic 
file (type png)
<use /home/amadou/Bureau/IUT/Outils_Libres_Cote_client/Capture/52.png>
Package pdftex.def Info: /home/amadou/Bureau/IUT/Outils_Libres_Cote_client/Capt
ure/52.png  used on input line 190.
(pdftex.def)             Requested size: 144.03777pt x 38.64427pt.
</home/amadou/Bureau/IUT/Outils_Libres_Cote_client/Capture/53.png, id=40, 280.0
4625pt x 76.285pt>
File: /home/amadou/Bureau/IUT/Outils_Libres_Cote_client/Capture/53.png Graphic 
file (type png)
<use /home/amadou/Bureau/IUT/Outils_Libres_Cote_client/Capture/53.png>
Package pdftex.def Info: /home/amadou/Bureau/IUT/Outils_Libres_Cote_client/Capt
ure/53.png  used on input line 191.
(pdftex.def)             Requested size: 140.02277pt x 38.1424pt.

Overfull \hbox (90.99963pt too wide) in paragraph at lines 189--192
[][] [] [] 
 []

</home/amadou/Bureau/IUT/Outils_Libres_Cote_client/Capture/54.png, id=41, 821.0
675pt x 383.4325pt>
File: /home/amadou/Bureau/IUT/Outils_Libres_Cote_client/Capture/54.png Graphic 
file (type png)
<use /home/amadou/Bureau/IUT/Outils_Libres_Cote_client/Capture/54.png>
Package pdftex.def Info: /home/amadou/Bureau/IUT/Outils_Libres_Cote_client/Capt
ure/54.png  used on input line 208.
(pdftex.def)             Requested size: 410.53275pt x 191.71577pt.

Overfull \hbox (80.53275pt too wide) in paragraph at lines 208--209
[][] 
 []


Overfull \hbox (1.26302pt too wide) in paragraph at lines 213--214
[]\TS1/cmr/bx/it/10 $ \OT1/cmr/bx/it/10 scp  /.ssh/my[]key.pub bob@cli.local :[
]/.ssh/authorized[]keys 
 []

</home/amadou/Bureau/IUT/Outils_Libres_Cote_client/Capture/55.png, id=42, 708.6
475pt x 256.96pt>
File: /home/amadou/Bureau/IUT/Outils_Libres_Cote_client/Capture/55.png Graphic 
file (type png)
<use /home/amadou/Bureau/IUT/Outils_Libres_Cote_client/Capture/55.png>
Package pdftex.def Info: /home/amadou/Bureau/IUT/Outils_Libres_Cote_client/Capt
ure/55.png  used on input line 218.
(pdftex.def)             Requested size: 354.32289pt x 128.47968pt.

Overfull \hbox (24.32289pt too wide) in paragraph at lines 218--219
[][] 
 []

[6 </home/amadou/Bureau/IUT/Outils_Libres_Cote_client/Capture/51.png> </home/am
adou/Bureau/IUT/Outils_Libres_Cote_client/Capture/52.png> </home/amadou/Bureau/
IUT/Outils_Libres_Cote_client/Capture/53.png> </home/amadou/Bureau/IUT/Outils_L
ibres_Cote_client/Capture/54.png>]
Overfull \hbox (1.33386pt too wide) in paragraph at lines 221--222
[]\OT1/cmr/m/n/10 La passphrase d'une cl^^Se priv^^See per-met d'ajouter une co
uche suppl^^Sementaire
 []


Underfull \hbox (badness 10000) in paragraph at lines 240--247

 []

[7 </home/amadou/Bureau/IUT/Outils_Libres_Cote_client/Capture/55.png>]
</home/amadou/Bureau/IUT/Outils_Libres_Cote_client/Capture/58.png, id=55, 522.9
5375pt x 182.6825pt>
File: /home/amadou/Bureau/IUT/Outils_Libres_Cote_client/Capture/58.png Graphic 
file (type png)
<use /home/amadou/Bureau/IUT/Outils_Libres_Cote_client/Capture/58.png>
Package pdftex.def Info: /home/amadou/Bureau/IUT/Outils_Libres_Cote_client/Capt
ure/58.png  used on input line 274.
(pdftex.def)             Requested size: 261.47623pt x 91.34102pt.
</home/amadou/Bureau/IUT/Outils_Libres_Cote_client/Capture/69.png, id=56, 581.1
7125pt x 297.11pt>
File: /home/amadou/Bureau/IUT/Outils_Libres_Cote_client/Capture/69.png Graphic 
file (type png)
<use /home/amadou/Bureau/IUT/Outils_Libres_Cote_client/Capture/69.png>
Package pdftex.def Info: /home/amadou/Bureau/IUT/Outils_Libres_Cote_client/Capt
ure/69.png  used on input line 285.
(pdftex.def)             Requested size: 290.58492pt x 148.55463pt.
</home/amadou/Bureau/IUT/Outils_Libres_Cote_client/Capture/70.png, id=57, 456.7
0625pt x 239.89626pt>
File: /home/amadou/Bureau/IUT/Outils_Libres_Cote_client/Capture/70.png Graphic 
file (type png)
<use /home/amadou/Bureau/IUT/Outils_Libres_Cote_client/Capture/70.png>
Package pdftex.def Info: /home/amadou/Bureau/IUT/Outils_Libres_Cote_client/Capt
ure/70.png  used on input line 295.
(pdftex.def)             Requested size: 228.35255pt x 119.94783pt.
 [8 </home/amadou/Bureau/IUT/Outils_Libres_Cote_client/Capture/58.png> </home/a
madou/Bureau/IUT/Outils_Libres_Cote_client/Capture/69.png>]
</home/amadou/Bureau/IUT/Outils_Libres_Cote_client/Capture/59.png, id=63, 948.5
4375pt x 259.97125pt>
File: /home/amadou/Bureau/IUT/Outils_Libres_Cote_client/Capture/59.png Graphic 
file (type png)
<use /home/amadou/Bureau/IUT/Outils_Libres_Cote_client/Capture/59.png>
Package pdftex.def Info: /home/amadou/Bureau/IUT/Outils_Libres_Cote_client/Capt
ure/59.png  used on input line 306.
(pdftex.def)             Requested size: 474.2707pt x 129.9853pt.

Overfull \hbox (144.2707pt too wide) in paragraph at lines 306--307
[][] 
 []

</home/amadou/Bureau/IUT/Outils_Libres_Cote_client/Capture/61.png, id=64, 354.3
2375pt x 204.765pt>
File: /home/amadou/Bureau/IUT/Outils_Libres_Cote_client/Capture/61.png Graphic 
file (type png)
<use /home/amadou/Bureau/IUT/Outils_Libres_Cote_client/Capture/61.png>
Package pdftex.def Info: /home/amadou/Bureau/IUT/Outils_Libres_Cote_client/Capt
ure/61.png  used on input line 312.
(pdftex.def)             Requested size: 177.16144pt x 102.38223pt.
[9 </home/amadou/Bureau/IUT/Outils_Libres_Cote_client/Capture/70.png> </home/am
adou/Bureau/IUT/Outils_Libres_Cote_client/Capture/59.png> </home/amadou/Bureau/
IUT/Outils_Libres_Cote_client/Capture/61.png>] (./Rapport.aux) ) 
Here is how much of TeX's memory you used:
 1320 strings out of 483183
 22051 string characters out of 5966292
 248220 words of memory out of 5000000
 16361 multiletter control sequences out of 15000+600000
 538394 words of font info for 43 fonts, out of 8000000 for 9000
 14 hyphenation exceptions out of 8191
 30i,7n,25p,267b,236s stack positions out of 5000i,500n,10000p,200000b,80000s
 </home/amadou/
.texlive2019/texmf-var/fonts/pk/ljfour/jknappen/ec/tcti1000.600pk> </home/amado
u/.texlive2019/texmf-var/fonts/pk/ljfour/jknappen/ec/tcbi1000.600pk> </home/ama
dou/.texlive2019/texmf-var/fonts/pk/ljfour/jknappen/ec/tcrm1000.600pk></usr/sha
re/texlive/texmf-dist/fonts/type1/public/amsfonts/cm/cmbx10.pfb></usr/share/tex
live/texmf-dist/fonts/type1/public/amsfonts/cm/cmbx12.pfb></usr/share/texlive/t
exmf-dist/fonts/type1/public/amsfonts/cm/cmbxti10.pfb></usr/share/texlive/texmf
-dist/fonts/type1/public/amsfonts/cm/cmr10.pfb></usr/share/texlive/texmf-dist/f
onts/type1/public/amsfonts/cm/cmr12.pfb></usr/share/texlive/texmf-dist/fonts/ty
pe1/public/amsfonts/cm/cmr17.pfb></usr/share/texlive/texmf-dist/fonts/type1/pub
lic/amsfonts/cm/cmsy10.pfb></usr/share/texlive/texmf-dist/fonts/type1/public/am
sfonts/cm/cmti10.pfb>
Output written on Rapport.pdf (9 pages, 599096 bytes).
PDF statistics:
 113 PDF objects out of 1000 (max. 8388607)
 59 compressed objects within 1 object stream
 0 named destinations out of 1000 (max. 500000)
 71 words of extra memory for PDF output out of 10000 (max. 10000000)

